2021-01-07 21:12:06.883 [main] INFO  com.yzz.service_edu.edu.ServiceEduApplication - Starting ServiceEduApplication using Java 1.8.0_251 on DESKTOP-VD7PFJ0 with PID 10804 (E:\Dev\project\OnlineEducation\service\service_edu\target\classes started by yky in E:\Dev\project\OnlineEducation)
2021-01-07 21:12:06.896 [main] INFO  com.yzz.service_edu.edu.ServiceEduApplication - The following profiles are active: homedev
2021-01-07 21:12:09.239 [main] INFO  org.apache.coyote.http11.Http11NioProtocol - Initializing ProtocolHandler ["http-nio-8001"]
2021-01-07 21:12:09.240 [main] INFO  org.apache.catalina.core.StandardService - Starting service [Tomcat]
2021-01-07 21:12:09.240 [main] INFO  org.apache.catalina.core.StandardEngine - Starting Servlet engine: [Apache Tomcat/9.0.41]
2021-01-07 21:12:09.332 [main] INFO  org.apache.catalina.core.ContainerBase.[Tomcat].[localhost].[/] - Initializing Spring embedded WebApplicationContext
2021-01-07 21:12:10.967 [main] INFO  springfox.documentation.spring.web.PropertySourcedRequestMappingHandlerMapping - Mapped URL path [/v2/api-docs] onto method [springfox.documentation.swagger2.web.Swagger2Controller#getDocumentation(String, HttpServletRequest)]
2021-01-07 21:12:12.012 [main] INFO  org.apache.coyote.http11.Http11NioProtocol - Starting ProtocolHandler ["http-nio-8001"]
2021-01-07 21:12:12.083 [main] INFO  springfox.documentation.spring.web.plugins.DocumentationPluginsBootstrapper - Context refreshed
2021-01-07 21:12:12.099 [main] INFO  springfox.documentation.spring.web.plugins.DocumentationPluginsBootstrapper - Found 1 custom documentation plugin(s)
2021-01-07 21:12:12.157 [main] INFO  springfox.documentation.spring.web.scanners.ApiListingReferenceScanner - Scanning for api listing references
2021-01-07 21:12:12.322 [main] INFO  com.yzz.service_edu.edu.ServiceEduApplication - Started ServiceEduApplication in 6.195 seconds (JVM running for 8.824)
2021-01-07 21:12:39.421 [http-nio-8001-exec-5] INFO  org.apache.catalina.core.ContainerBase.[Tomcat].[localhost].[/] - Initializing Spring DispatcherServlet 'dispatcherServlet'
2021-01-07 21:13:06.192 [main] INFO  com.yzz.service_edu.edu.ServiceEduApplication - Starting ServiceEduApplication using Java 1.8.0_251 on DESKTOP-VD7PFJ0 with PID 22212 (E:\Dev\project\OnlineEducation\service\service_edu\target\classes started by yky in E:\Dev\project\OnlineEducation)
2021-01-07 21:13:06.200 [main] INFO  com.yzz.service_edu.edu.ServiceEduApplication - The following profiles are active: homedev
2021-01-07 21:13:07.256 [main] INFO  org.apache.coyote.http11.Http11NioProtocol - Initializing ProtocolHandler ["http-nio-8001"]
2021-01-07 21:13:07.256 [main] INFO  org.apache.catalina.core.StandardService - Starting service [Tomcat]
2021-01-07 21:13:07.257 [main] INFO  org.apache.catalina.core.StandardEngine - Starting Servlet engine: [Apache Tomcat/9.0.41]
2021-01-07 21:13:07.322 [main] INFO  org.apache.catalina.core.ContainerBase.[Tomcat].[localhost].[/] - Initializing Spring embedded WebApplicationContext
2021-01-07 21:13:08.530 [main] INFO  springfox.documentation.spring.web.PropertySourcedRequestMappingHandlerMapping - Mapped URL path [/v2/api-docs] onto method [springfox.documentation.swagger2.web.Swagger2Controller#getDocumentation(String, HttpServletRequest)]
2021-01-07 21:13:08.952 [main] INFO  org.apache.coyote.http11.Http11NioProtocol - Starting ProtocolHandler ["http-nio-8001"]
2021-01-07 21:13:08.966 [main] INFO  springfox.documentation.spring.web.plugins.DocumentationPluginsBootstrapper - Context refreshed
2021-01-07 21:13:08.978 [main] INFO  springfox.documentation.spring.web.plugins.DocumentationPluginsBootstrapper - Found 1 custom documentation plugin(s)
2021-01-07 21:13:09.005 [main] INFO  springfox.documentation.spring.web.scanners.ApiListingReferenceScanner - Scanning for api listing references
2021-01-07 21:13:09.145 [main] INFO  com.yzz.service_edu.edu.ServiceEduApplication - Started ServiceEduApplication in 3.41 seconds (JVM running for 4.44)
2021-01-07 21:13:12.561 [http-nio-8001-exec-1] INFO  org.apache.catalina.core.ContainerBase.[Tomcat].[localhost].[/] - Initializing Spring DispatcherServlet 'dispatcherServlet'
2021-01-07 21:14:29.264 [http-nio-8001-exec-10] INFO  com.yzz.service_edu.edu.controller.ChapterController - 访问接口：新增章节
2021-01-07 21:14:29.331 [http-nio-8001-exec-10] INFO  com.yzz.servicebase.handler.MyMetaObjectHandler - start autofill gmtCreate...
2021-01-07 21:14:29.352 [http-nio-8001-exec-10] INFO  com.yzz.servicebase.handler.MyMetaObjectHandler - end autofill gmtCreate...
2021-01-07 21:14:29.355 [http-nio-8001-exec-10] INFO  com.zaxxer.hikari.HikariDataSource - HikariPool-1 - Starting...
2021-01-07 21:14:30.070 [http-nio-8001-exec-10] INFO  com.zaxxer.hikari.HikariDataSource - HikariPool-1 - Start completed.
2021-01-07 21:14:30.102 [http-nio-8001-exec-10] INFO  com.yzz.service_edu.edu.controller.ChapterController - 访问接口：新增章节，结束
2021-01-07 21:15:05.417 [http-nio-8001-exec-2] INFO  com.yzz.service_edu.edu.controller.ChapterController - 访问接口：根据id获取章节
2021-01-07 21:15:05.440 [http-nio-8001-exec-2] INFO  com.yzz.service_edu.edu.controller.ChapterController - 访问接口：根据id获取章节，结束
2021-01-07 21:15:45.637 [http-nio-8001-exec-3] INFO  com.yzz.service_edu.edu.controller.ChapterController - 访问接口：更新章节
2021-01-07 21:15:45.645 [http-nio-8001-exec-3] INFO  com.yzz.servicebase.handler.MyMetaObjectHandler - start autofill gmtModified...
2021-01-07 21:15:45.645 [http-nio-8001-exec-3] INFO  com.yzz.servicebase.handler.MyMetaObjectHandler - end autofill gmtModified...
2021-01-07 21:15:45.653 [http-nio-8001-exec-3] INFO  com.yzz.service_edu.edu.controller.ChapterController - 访问接口：更新章节，结束
2021-01-07 21:16:03.469 [http-nio-8001-exec-4] INFO  com.yzz.service_edu.edu.controller.ChapterController - 访问接口：删除章节
2021-01-07 21:16:03.472 [http-nio-8001-exec-4] INFO  com.yzz.service_edu.edu.controller.ChapterController - 访问接口：删除章节，结束
2021-01-07 21:16:13.710 [http-nio-8001-exec-6] INFO  com.yzz.service_edu.edu.controller.LoginController - 登录ing
2021-01-07 21:16:13.729 [http-nio-8001-exec-8] INFO  com.yzz.service_edu.edu.controller.LoginController - 获取用户信息ing
2021-01-07 21:16:17.118 [http-nio-8001-exec-1] INFO  com.yzz.service_edu.edu.controller.TeacherController - 访问接口：所有讲师列表
2021-01-07 21:16:17.118 [http-nio-8001-exec-2] INFO  com.yzz.service_edu.edu.controller.SubjectController - 访问接口：获取课程分类列表服务
2021-01-07 21:16:17.137 [http-nio-8001-exec-1] INFO  com.yzz.service_edu.edu.controller.TeacherController - 访问接口：所有讲师列表，结束
2021-01-07 21:16:17.152 [http-nio-8001-exec-2] INFO  com.yzz.service_edu.edu.controller.SubjectController - 访问接口：获取课程分类列表服务，结束
2021-01-07 21:16:42.410 [http-nio-8001-exec-3] INFO  com.yzz.service_edu.edu.controller.LoginController - 获取用户信息ing
2021-01-07 21:17:17.388 [http-nio-8001-exec-6] INFO  com.yzz.service_edu.edu.controller.TeacherController - 访问接口：所有讲师列表
2021-01-07 21:17:17.388 [http-nio-8001-exec-5] INFO  com.yzz.service_edu.edu.controller.SubjectController - 访问接口：获取课程分类列表服务
2021-01-07 21:17:17.393 [http-nio-8001-exec-6] INFO  com.yzz.service_edu.edu.controller.TeacherController - 访问接口：所有讲师列表，结束
2021-01-07 21:17:17.396 [http-nio-8001-exec-5] INFO  com.yzz.service_edu.edu.controller.SubjectController - 访问接口：获取课程分类列表服务，结束
2021-01-07 21:17:54.502 [http-nio-8001-exec-8] INFO  com.yzz.service_edu.edu.controller.CourseController - 访问接口：添加课程信息
2021-01-07 21:17:54.513 [http-nio-8001-exec-8] INFO  com.yzz.servicebase.handler.MyMetaObjectHandler - start autofill gmtCreate...
2021-01-07 21:17:54.513 [http-nio-8001-exec-8] INFO  com.yzz.servicebase.handler.MyMetaObjectHandler - end autofill gmtCreate...
2021-01-07 21:17:54.520 [http-nio-8001-exec-8] INFO  com.yzz.servicebase.handler.MyMetaObjectHandler - start autofill gmtCreate...
2021-01-07 21:17:54.520 [http-nio-8001-exec-8] INFO  com.yzz.servicebase.handler.MyMetaObjectHandler - end autofill gmtCreate...
2021-01-07 21:17:54.522 [http-nio-8001-exec-8] INFO  com.yzz.service_edu.edu.controller.CourseController - 访问接口：添加课程信息，结束
2021-01-07 21:18:45.172 [http-nio-8001-exec-9] INFO  com.yzz.service_edu.edu.controller.LoginController - 获取用户信息ing
2021-01-07 21:20:06.278 [http-nio-8001-exec-2] INFO  com.yzz.service_edu.edu.controller.LoginController - 获取用户信息ing
2021-01-07 21:20:13.701 [http-nio-8001-exec-3] INFO  com.yzz.service_edu.edu.controller.SubjectController - 访问接口：获取课程分类列表服务
2021-01-07 21:20:13.701 [http-nio-8001-exec-4] INFO  com.yzz.service_edu.edu.controller.TeacherController - 访问接口：所有讲师列表
2021-01-07 21:20:13.704 [http-nio-8001-exec-4] INFO  com.yzz.service_edu.edu.controller.TeacherController - 访问接口：所有讲师列表，结束
2021-01-07 21:20:13.707 [http-nio-8001-exec-3] INFO  com.yzz.service_edu.edu.controller.SubjectController - 访问接口：获取课程分类列表服务，结束
2021-01-07 21:20:30.600 [http-nio-8001-exec-6] INFO  com.yzz.service_edu.edu.controller.CourseController - 访问接口：添加课程信息
2021-01-07 21:20:30.601 [http-nio-8001-exec-6] INFO  com.yzz.servicebase.handler.MyMetaObjectHandler - start autofill gmtCreate...
2021-01-07 21:20:30.601 [http-nio-8001-exec-6] INFO  com.yzz.servicebase.handler.MyMetaObjectHandler - end autofill gmtCreate...
2021-01-07 21:20:30.605 [http-nio-8001-exec-6] INFO  com.yzz.servicebase.handler.MyMetaObjectHandler - start autofill gmtCreate...
2021-01-07 21:20:30.605 [http-nio-8001-exec-6] INFO  com.yzz.servicebase.handler.MyMetaObjectHandler - end autofill gmtCreate...
2021-01-07 21:20:30.615 [http-nio-8001-exec-6] INFO  com.yzz.service_edu.edu.controller.CourseController - 访问接口：添加课程信息，结束
2021-01-07 21:23:33.406 [SpringContextShutdownHook] INFO  com.zaxxer.hikari.HikariDataSource - HikariPool-1 - Shutdown initiated...
2021-01-07 21:23:33.411 [SpringContextShutdownHook] INFO  com.zaxxer.hikari.HikariDataSource - HikariPool-1 - Shutdown completed.
2021-01-07 21:23:37.471 [main] INFO  com.yzz.service_edu.edu.ServiceEduApplication - Starting ServiceEduApplication using Java 1.8.0_251 on DESKTOP-VD7PFJ0 with PID 7544 (E:\Dev\project\OnlineEducation\service\service_edu\target\classes started by yky in E:\Dev\project\OnlineEducation)
2021-01-07 21:23:37.479 [main] INFO  com.yzz.service_edu.edu.ServiceEduApplication - The following profiles are active: homedev
2021-01-07 21:23:38.487 [main] INFO  org.apache.coyote.http11.Http11NioProtocol - Initializing ProtocolHandler ["http-nio-8001"]
2021-01-07 21:23:38.488 [main] INFO  org.apache.catalina.core.StandardService - Starting service [Tomcat]
2021-01-07 21:23:38.488 [main] INFO  org.apache.catalina.core.StandardEngine - Starting Servlet engine: [Apache Tomcat/9.0.41]
2021-01-07 21:23:38.562 [main] INFO  org.apache.catalina.core.ContainerBase.[Tomcat].[localhost].[/] - Initializing Spring embedded WebApplicationContext
2021-01-07 21:23:39.721 [main] INFO  springfox.documentation.spring.web.PropertySourcedRequestMappingHandlerMapping - Mapped URL path [/v2/api-docs] onto method [springfox.documentation.swagger2.web.Swagger2Controller#getDocumentation(String, HttpServletRequest)]
2021-01-07 21:23:40.135 [main] INFO  org.apache.coyote.http11.Http11NioProtocol - Starting ProtocolHandler ["http-nio-8001"]
2021-01-07 21:23:40.148 [main] INFO  springfox.documentation.spring.web.plugins.DocumentationPluginsBootstrapper - Context refreshed
2021-01-07 21:23:40.161 [main] INFO  springfox.documentation.spring.web.plugins.DocumentationPluginsBootstrapper - Found 1 custom documentation plugin(s)
2021-01-07 21:23:40.187 [main] INFO  springfox.documentation.spring.web.scanners.ApiListingReferenceScanner - Scanning for api listing references
2021-01-07 21:23:40.326 [main] INFO  com.yzz.service_edu.edu.ServiceEduApplication - Started ServiceEduApplication in 3.322 seconds (JVM running for 4.295)
2021-01-07 21:23:45.022 [http-nio-8001-exec-1] INFO  org.apache.catalina.core.ContainerBase.[Tomcat].[localhost].[/] - Initializing Spring DispatcherServlet 'dispatcherServlet'
2021-01-07 21:23:45.048 [http-nio-8001-exec-1] INFO  com.yzz.service_edu.edu.controller.LoginController - 获取用户信息ing
2021-01-07 21:23:46.391 [http-nio-8001-exec-3] INFO  com.yzz.service_edu.edu.controller.ChapterController - 访问接口：获取课程大纲列表
2021-01-07 21:23:46.450 [http-nio-8001-exec-3] INFO  com.zaxxer.hikari.HikariDataSource - HikariPool-1 - Starting...
2021-01-07 21:23:46.973 [http-nio-8001-exec-3] INFO  com.zaxxer.hikari.HikariDataSource - HikariPool-1 - Start completed.
2021-01-07 21:23:47.025 [http-nio-8001-exec-3] INFO  com.yzz.service_edu.edu.controller.ChapterController - 访问接口：获取课程大纲列表，结束
2021-01-07 21:26:30.042 [http-nio-8001-exec-4] INFO  com.yzz.service_edu.edu.controller.LoginController - 获取用户信息ing
2021-01-07 21:26:31.506 [http-nio-8001-exec-5] INFO  com.yzz.service_edu.edu.controller.ChapterController - 访问接口：获取课程大纲列表
2021-01-07 21:26:31.517 [http-nio-8001-exec-5] INFO  com.yzz.service_edu.edu.controller.ChapterController - 访问接口：获取课程大纲列表，结束
2021-01-07 21:27:15.513 [http-nio-8001-exec-7] INFO  com.yzz.service_edu.edu.controller.ChapterController - 访问接口：新增章节
2021-01-07 21:27:15.516 [http-nio-8001-exec-7] INFO  com.yzz.servicebase.handler.MyMetaObjectHandler - start autofill gmtCreate...
2021-01-07 21:27:15.521 [http-nio-8001-exec-7] INFO  com.yzz.servicebase.handler.MyMetaObjectHandler - end autofill gmtCreate...
2021-01-07 21:27:15.554 [http-nio-8001-exec-7] INFO  com.yzz.service_edu.edu.controller.ChapterController - 访问接口：新增章节，结束
2021-01-07 21:27:16.902 [http-nio-8001-exec-8] INFO  com.yzz.service_edu.edu.controller.ChapterController - 访问接口：获取课程大纲列表
2021-01-07 21:27:16.926 [http-nio-8001-exec-8] INFO  com.yzz.service_edu.edu.controller.ChapterController - 访问接口：获取课程大纲列表，结束
2021-01-07 21:27:23.700 [http-nio-8001-exec-9] INFO  com.yzz.service_edu.edu.controller.ChapterController - 访问接口：获取课程大纲列表
2021-01-07 21:27:23.705 [http-nio-8001-exec-9] INFO  com.yzz.service_edu.edu.controller.ChapterController - 访问接口：获取课程大纲列表，结束
2021-01-07 21:27:38.114 [http-nio-8001-exec-1] INFO  com.yzz.service_edu.edu.controller.TeacherController - 访问接口：所有讲师列表
2021-01-07 21:27:38.119 [http-nio-8001-exec-2] INFO  com.yzz.service_edu.edu.controller.CourseController - 访问接口：根据课程id获取课程信息
2021-01-07 21:27:38.123 [http-nio-8001-exec-1] INFO  com.yzz.service_edu.edu.controller.TeacherController - 访问接口：所有讲师列表，结束
2021-01-07 21:27:38.139 [http-nio-8001-exec-2] INFO  com.yzz.service_edu.edu.controller.CourseController - 访问接口：根据课程id获取课程信息，结束
2021-01-07 21:27:38.161 [http-nio-8001-exec-3] INFO  com.yzz.service_edu.edu.controller.SubjectController - 访问接口：获取课程分类列表服务
2021-01-07 21:27:38.293 [http-nio-8001-exec-3] INFO  com.yzz.service_edu.edu.controller.SubjectController - 访问接口：获取课程分类列表服务，结束
2021-01-07 21:28:08.995 [http-nio-8001-exec-5] INFO  com.yzz.service_edu.edu.controller.TeacherController - 访问接口：所有讲师列表
2021-01-07 21:28:08.995 [http-nio-8001-exec-4] INFO  com.yzz.service_edu.edu.controller.CourseController - 访问接口：根据课程id获取课程信息
2021-01-07 21:28:09.001 [http-nio-8001-exec-5] INFO  com.yzz.service_edu.edu.controller.TeacherController - 访问接口：所有讲师列表，结束
2021-01-07 21:28:09.004 [http-nio-8001-exec-4] INFO  com.yzz.service_edu.edu.controller.CourseController - 访问接口：根据课程id获取课程信息，结束
2021-01-07 21:28:09.027 [http-nio-8001-exec-6] INFO  com.yzz.service_edu.edu.controller.SubjectController - 访问接口：获取课程分类列表服务
2021-01-07 21:28:09.034 [http-nio-8001-exec-6] INFO  com.yzz.service_edu.edu.controller.SubjectController - 访问接口：获取课程分类列表服务，结束
2021-01-07 21:28:12.093 [http-nio-8001-exec-8] INFO  com.yzz.service_edu.edu.controller.CourseController - 访问接口：根据课程id更新课程信息
2021-01-07 21:28:12.097 [http-nio-8001-exec-8] INFO  com.yzz.servicebase.handler.MyMetaObjectHandler - start autofill gmtModified...
2021-01-07 21:28:12.097 [http-nio-8001-exec-8] INFO  com.yzz.servicebase.handler.MyMetaObjectHandler - end autofill gmtModified...
2021-01-07 21:28:12.100 [http-nio-8001-exec-8] INFO  com.yzz.servicebase.handler.MyMetaObjectHandler - start autofill gmtModified...
2021-01-07 21:28:12.100 [http-nio-8001-exec-8] INFO  com.yzz.servicebase.handler.MyMetaObjectHandler - end autofill gmtModified...
2021-01-07 21:28:12.102 [http-nio-8001-exec-8] INFO  com.yzz.service_edu.edu.controller.CourseController - 访问接口：根据课程id更新课程信息，结束
2021-01-07 21:28:12.649 [http-nio-8001-exec-9] INFO  com.yzz.service_edu.edu.controller.ChapterController - 访问接口：获取课程大纲列表
2021-01-07 21:28:12.655 [http-nio-8001-exec-9] INFO  com.yzz.service_edu.edu.controller.ChapterController - 访问接口：获取课程大纲列表，结束
2021-01-07 21:35:34.017 [SpringContextShutdownHook] INFO  com.zaxxer.hikari.HikariDataSource - HikariPool-1 - Shutdown initiated...
2021-01-07 21:35:34.024 [SpringContextShutdownHook] INFO  com.zaxxer.hikari.HikariDataSource - HikariPool-1 - Shutdown completed.
2021-01-07 21:35:38.833 [main] INFO  com.yzz.service_edu.edu.ServiceEduApplication - Starting ServiceEduApplication using Java 1.8.0_251 on DESKTOP-VD7PFJ0 with PID 19568 (E:\Dev\project\OnlineEducation\service\service_edu\target\classes started by yky in E:\Dev\project\OnlineEducation)
2021-01-07 21:35:38.841 [main] INFO  com.yzz.service_edu.edu.ServiceEduApplication - The following profiles are active: homedev
2021-01-07 21:35:39.877 [main] INFO  org.apache.coyote.http11.Http11NioProtocol - Initializing ProtocolHandler ["http-nio-8001"]
2021-01-07 21:35:39.878 [main] INFO  org.apache.catalina.core.StandardService - Starting service [Tomcat]
2021-01-07 21:35:39.878 [main] INFO  org.apache.catalina.core.StandardEngine - Starting Servlet engine: [Apache Tomcat/9.0.41]
2021-01-07 21:35:39.944 [main] INFO  org.apache.catalina.core.ContainerBase.[Tomcat].[localhost].[/] - Initializing Spring embedded WebApplicationContext
2021-01-07 21:35:41.125 [main] INFO  springfox.documentation.spring.web.PropertySourcedRequestMappingHandlerMapping - Mapped URL path [/v2/api-docs] onto method [springfox.documentation.swagger2.web.Swagger2Controller#getDocumentation(String, HttpServletRequest)]
2021-01-07 21:35:41.553 [main] INFO  org.apache.coyote.http11.Http11NioProtocol - Starting ProtocolHandler ["http-nio-8001"]
2021-01-07 21:35:41.567 [main] INFO  springfox.documentation.spring.web.plugins.DocumentationPluginsBootstrapper - Context refreshed
2021-01-07 21:35:41.579 [main] INFO  springfox.documentation.spring.web.plugins.DocumentationPluginsBootstrapper - Found 1 custom documentation plugin(s)
2021-01-07 21:35:41.606 [main] INFO  springfox.documentation.spring.web.scanners.ApiListingReferenceScanner - Scanning for api listing references
2021-01-07 21:35:41.747 [main] INFO  com.yzz.service_edu.edu.ServiceEduApplication - Started ServiceEduApplication in 3.386 seconds (JVM running for 4.457)
2021-01-07 21:36:19.662 [http-nio-8001-exec-1] INFO  org.apache.catalina.core.ContainerBase.[Tomcat].[localhost].[/] - Initializing Spring DispatcherServlet 'dispatcherServlet'
2021-01-07 21:36:19.687 [http-nio-8001-exec-1] INFO  com.yzz.service_edu.edu.controller.LoginController - 获取用户信息ing
2021-01-07 21:36:19.885 [http-nio-8001-exec-2] INFO  com.yzz.service_edu.edu.controller.ChapterController - 访问接口：获取课程大纲列表
2021-01-07 21:36:19.947 [http-nio-8001-exec-2] INFO  com.zaxxer.hikari.HikariDataSource - HikariPool-1 - Starting...
2021-01-07 21:36:20.485 [http-nio-8001-exec-2] INFO  com.zaxxer.hikari.HikariDataSource - HikariPool-1 - Start completed.
2021-01-07 21:36:20.541 [http-nio-8001-exec-2] INFO  com.yzz.service_edu.edu.controller.ChapterController - 访问接口：获取课程大纲列表，结束
2021-01-07 21:36:57.863 [http-nio-8001-exec-3] INFO  com.yzz.service_edu.edu.controller.LoginController - 获取用户信息ing
2021-01-07 21:36:58.137 [http-nio-8001-exec-5] INFO  com.yzz.service_edu.edu.controller.ChapterController - 访问接口：获取课程大纲列表
2021-01-07 21:36:58.147 [http-nio-8001-exec-5] INFO  com.yzz.service_edu.edu.controller.ChapterController - 访问接口：获取课程大纲列表，结束
2021-01-07 21:37:03.863 [http-nio-8001-exec-6] INFO  com.yzz.service_edu.edu.controller.LoginController - 获取用户信息ing
2021-01-07 21:37:03.926 [http-nio-8001-exec-7] INFO  com.yzz.service_edu.edu.controller.ChapterController - 访问接口：获取课程大纲列表
2021-01-07 21:37:03.934 [http-nio-8001-exec-7] INFO  com.yzz.service_edu.edu.controller.ChapterController - 访问接口：获取课程大纲列表，结束
2021-01-07 21:37:48.065 [http-nio-8001-exec-8] INFO  com.yzz.service_edu.edu.controller.LoginController - 获取用户信息ing
2021-01-07 21:37:48.296 [http-nio-8001-exec-10] INFO  com.yzz.service_edu.edu.controller.ChapterController - 访问接口：获取课程大纲列表
2021-01-07 21:37:48.306 [http-nio-8001-exec-10] INFO  com.yzz.service_edu.edu.controller.ChapterController - 访问接口：获取课程大纲列表，结束
2021-01-07 21:37:55.268 [http-nio-8001-exec-2] INFO  com.yzz.service_edu.edu.controller.ChapterController - 访问接口：删除章节
2021-01-07 21:37:55.288 [http-nio-8001-exec-2] INFO  com.yzz.service_edu.edu.controller.ChapterController - 访问接口：删除章节，结束
2021-01-07 21:37:55.300 [http-nio-8001-exec-3] INFO  com.yzz.service_edu.edu.controller.ChapterController - 访问接口：获取课程大纲列表
2021-01-07 21:37:55.305 [http-nio-8001-exec-3] INFO  com.yzz.service_edu.edu.controller.ChapterController - 访问接口：获取课程大纲列表，结束
2021-01-07 21:50:54.770 [http-nio-8001-exec-5] INFO  com.yzz.service_edu.edu.controller.ChapterController - 访问接口：根据id获取章节
2021-01-07 21:50:54.774 [http-nio-8001-exec-5] INFO  com.yzz.service_edu.edu.controller.ChapterController - 访问接口：根据id获取章节，结束
2021-01-07 21:50:58.735 [http-nio-8001-exec-7] INFO  com.yzz.service_edu.edu.controller.ChapterController - 访问接口：更新章节
2021-01-07 21:50:58.737 [http-nio-8001-exec-7] INFO  com.yzz.servicebase.handler.MyMetaObjectHandler - start autofill gmtModified...
2021-01-07 21:50:58.742 [http-nio-8001-exec-7] INFO  com.yzz.servicebase.handler.MyMetaObjectHandler - end autofill gmtModified...
2021-01-07 21:50:58.755 [http-nio-8001-exec-7] INFO  com.yzz.service_edu.edu.controller.ChapterController - 访问接口：更新章节，结束
2021-01-07 21:50:58.769 [http-nio-8001-exec-8] INFO  com.yzz.service_edu.edu.controller.ChapterController - 访问接口：获取课程大纲列表
2021-01-07 21:50:58.776 [http-nio-8001-exec-8] INFO  com.yzz.service_edu.edu.controller.ChapterController - 访问接口：获取课程大纲列表，结束
2021-01-07 21:51:02.362 [http-nio-8001-exec-10] INFO  com.yzz.service_edu.edu.controller.LoginController - 获取用户信息ing
2021-01-07 21:51:02.581 [http-nio-8001-exec-1] INFO  com.yzz.service_edu.edu.controller.ChapterController - 访问接口：获取课程大纲列表
2021-01-07 21:51:02.589 [http-nio-8001-exec-1] INFO  com.yzz.service_edu.edu.controller.ChapterController - 访问接口：获取课程大纲列表，结束
2021-01-07 21:51:25.570 [http-nio-8001-exec-2] INFO  com.yzz.service_edu.edu.controller.LoginController - 获取用户信息ing
2021-01-07 21:51:25.804 [http-nio-8001-exec-3] INFO  com.yzz.service_edu.edu.controller.ChapterController - 访问接口：获取课程大纲列表
2021-01-07 21:51:25.812 [http-nio-8001-exec-3] INFO  com.yzz.service_edu.edu.controller.ChapterController - 访问接口：获取课程大纲列表，结束
2021-01-07 21:51:33.263 [http-nio-8001-exec-4] INFO  com.yzz.service_edu.edu.controller.ChapterController - 访问接口：新增章节
2021-01-07 21:51:33.267 [http-nio-8001-exec-4] INFO  com.yzz.servicebase.handler.MyMetaObjectHandler - start autofill gmtCreate...
2021-01-07 21:51:33.267 [http-nio-8001-exec-4] INFO  com.yzz.servicebase.handler.MyMetaObjectHandler - end autofill gmtCreate...
2021-01-07 21:51:33.270 [http-nio-8001-exec-4] INFO  com.yzz.service_edu.edu.controller.ChapterController - 访问接口：新增章节，结束
2021-01-07 21:51:33.282 [http-nio-8001-exec-5] INFO  com.yzz.service_edu.edu.controller.ChapterController - 访问接口：获取课程大纲列表
2021-01-07 21:51:33.286 [http-nio-8001-exec-5] INFO  com.yzz.service_edu.edu.controller.ChapterController - 访问接口：获取课程大纲列表，结束
2021-01-07 21:51:37.869 [http-nio-8001-exec-7] INFO  com.yzz.service_edu.edu.controller.ChapterController - 访问接口：删除章节
2021-01-07 21:51:37.873 [http-nio-8001-exec-7] INFO  com.yzz.service_edu.edu.controller.ChapterController - 访问接口：删除章节，结束
2021-01-07 21:51:37.882 [http-nio-8001-exec-8] INFO  com.yzz.service_edu.edu.controller.ChapterController - 访问接口：获取课程大纲列表
2021-01-07 21:51:37.886 [http-nio-8001-exec-8] INFO  com.yzz.service_edu.edu.controller.ChapterController - 访问接口：获取课程大纲列表，结束
2021-01-07 21:51:40.529 [http-nio-8001-exec-9] INFO  com.yzz.service_edu.edu.controller.LoginController - 获取用户信息ing
2021-01-07 21:51:40.749 [http-nio-8001-exec-10] INFO  com.yzz.service_edu.edu.controller.ChapterController - 访问接口：获取课程大纲列表
2021-01-07 21:51:40.772 [http-nio-8001-exec-10] INFO  com.yzz.service_edu.edu.controller.ChapterController - 访问接口：获取课程大纲列表，结束
2021-01-07 22:21:30.358 [SpringContextShutdownHook] INFO  com.zaxxer.hikari.HikariDataSource - HikariPool-1 - Shutdown initiated...
2021-01-07 22:21:30.364 [SpringContextShutdownHook] INFO  com.zaxxer.hikari.HikariDataSource - HikariPool-1 - Shutdown completed.
2021-01-07 22:21:35.415 [main] INFO  com.yzz.service_edu.edu.ServiceEduApplication - Starting ServiceEduApplication using Java 1.8.0_251 on DESKTOP-VD7PFJ0 with PID 12092 (E:\Dev\project\OnlineEducation\service\service_edu\target\classes started by yky in E:\Dev\project\OnlineEducation)
2021-01-07 22:21:35.423 [main] INFO  com.yzz.service_edu.edu.ServiceEduApplication - The following profiles are active: homedev
2021-01-07 22:21:36.425 [main] INFO  org.apache.coyote.http11.Http11NioProtocol - Initializing ProtocolHandler ["http-nio-8001"]
2021-01-07 22:21:36.426 [main] INFO  org.apache.catalina.core.StandardService - Starting service [Tomcat]
2021-01-07 22:21:36.426 [main] INFO  org.apache.catalina.core.StandardEngine - Starting Servlet engine: [Apache Tomcat/9.0.41]
2021-01-07 22:21:36.492 [main] INFO  org.apache.catalina.core.ContainerBase.[Tomcat].[localhost].[/] - Initializing Spring embedded WebApplicationContext
2021-01-07 22:21:37.637 [main] INFO  springfox.documentation.spring.web.PropertySourcedRequestMappingHandlerMapping - Mapped URL path [/v2/api-docs] onto method [springfox.documentation.swagger2.web.Swagger2Controller#getDocumentation(String, HttpServletRequest)]
2021-01-07 22:21:38.050 [main] INFO  org.apache.coyote.http11.Http11NioProtocol - Starting ProtocolHandler ["http-nio-8001"]
2021-01-07 22:21:38.063 [main] INFO  springfox.documentation.spring.web.plugins.DocumentationPluginsBootstrapper - Context refreshed
2021-01-07 22:21:38.075 [main] INFO  springfox.documentation.spring.web.plugins.DocumentationPluginsBootstrapper - Found 1 custom documentation plugin(s)
2021-01-07 22:21:38.102 [main] INFO  springfox.documentation.spring.web.scanners.ApiListingReferenceScanner - Scanning for api listing references
2021-01-07 22:21:38.245 [main] INFO  com.yzz.service_edu.edu.ServiceEduApplication - Started ServiceEduApplication in 3.251 seconds (JVM running for 4.269)
2021-01-07 22:21:49.763 [http-nio-8001-exec-1] INFO  org.apache.catalina.core.ContainerBase.[Tomcat].[localhost].[/] - Initializing Spring DispatcherServlet 'dispatcherServlet'
2021-01-07 22:22:48.145 [http-nio-8001-exec-6] INFO  com.yzz.service_edu.edu.controller.VideoController - 访问接口：新增小节
2021-01-07 22:22:48.178 [http-nio-8001-exec-6] INFO  com.yzz.servicebase.handler.MyMetaObjectHandler - start autofill gmtCreate...
2021-01-07 22:22:48.182 [http-nio-8001-exec-6] INFO  com.yzz.servicebase.handler.MyMetaObjectHandler - end autofill gmtCreate...
2021-01-07 22:22:48.185 [http-nio-8001-exec-6] INFO  com.zaxxer.hikari.HikariDataSource - HikariPool-1 - Starting...
2021-01-07 22:22:48.718 [http-nio-8001-exec-6] INFO  com.zaxxer.hikari.HikariDataSource - HikariPool-1 - Start completed.
2021-01-07 22:22:48.866 [http-nio-8001-exec-6] INFO  com.yzz.service_edu.edu.controller.VideoController - 访问接口：新增小节，结束
2021-01-07 22:23:23.282 [http-nio-8001-exec-8] INFO  com.yzz.service_edu.edu.controller.VideoController - 访问接口：根据id查询小节
2021-01-07 22:23:23.308 [http-nio-8001-exec-8] INFO  com.yzz.service_edu.edu.controller.VideoController - 访问接口：根据id查询小节，结束
2021-01-07 22:23:51.356 [http-nio-8001-exec-4] INFO  com.yzz.service_edu.edu.controller.VideoController - 访问接口：更新小节
2021-01-07 22:23:51.367 [http-nio-8001-exec-4] INFO  com.yzz.servicebase.handler.MyMetaObjectHandler - start autofill gmtModified...
2021-01-07 22:23:51.367 [http-nio-8001-exec-4] INFO  com.yzz.servicebase.handler.MyMetaObjectHandler - end autofill gmtModified...
2021-01-07 22:23:51.374 [http-nio-8001-exec-4] INFO  com.yzz.service_edu.edu.controller.VideoController - 访问接口：更新小节，结束
2021-01-07 22:24:12.461 [http-nio-8001-exec-2] INFO  com.yzz.service_edu.edu.controller.VideoController - 访问接口：删除小节
2021-01-07 22:24:12.464 [http-nio-8001-exec-2] INFO  com.yzz.service_edu.edu.controller.VideoController - 访问接口：删除小节，结束
