2021-01-08 10:24:51.636 [http-nio-8001-exec-2] ERROR com.yzz.service_edu.edu.controller.CourseController - Source must not be null
2021-01-08 10:24:51.656 [http-nio-8001-exec-2] ERROR com.yzz.service_edu.edu.controller.CourseController - java.lang.IllegalArgumentException: Source must not be null
2021-01-08 10:25:01.030 [http-nio-8001-exec-4] ERROR com.yzz.service_edu.edu.controller.CourseController - Source must not be null
2021-01-08 10:25:01.031 [http-nio-8001-exec-4] ERROR com.yzz.service_edu.edu.controller.CourseController - java.lang.IllegalArgumentException: Source must not be null
2021-01-08 10:26:21.815 [http-nio-8001-exec-7] ERROR com.yzz.service_edu.edu.controller.CourseController - Source must not be null
2021-01-08 10:26:21.817 [http-nio-8001-exec-7] ERROR com.yzz.service_edu.edu.controller.CourseController - java.lang.IllegalArgumentException: Source must not be null
2021-01-08 10:28:07.170 [http-nio-8001-exec-8] ERROR com.yzz.service_edu.edu.controller.CourseController - Source must not be null
2021-01-08 10:28:07.170 [http-nio-8001-exec-8] ERROR com.yzz.service_edu.edu.controller.CourseController - java.lang.IllegalArgumentException: Source must not be null
2021-01-08 10:30:14.348 [http-nio-8001-exec-2] ERROR com.yzz.service_edu.edu.controller.CourseController - Source must not be null
2021-01-08 10:30:14.348 [http-nio-8001-exec-2] ERROR com.yzz.service_edu.edu.controller.CourseController - java.lang.IllegalArgumentException: Source must not be null
2021-01-08 17:22:33.225 [http-nio-8001-exec-8] ERROR com.yzz.service_edu.edu.controller.CourseController - 
### Error updating database.  Cause: java.sql.SQLSyntaxErrorException: Unknown column 'course_id' in 'where clause'
### The error may exist in com/yzz/service_edu/edu/mapper/CourseDescriptionMapper.java (best guess)
### The error may involve defaultParameterMap
### The error occurred while setting parameters
### SQL: DELETE FROM edu_course_description     WHERE (course_id = ?)
### Cause: java.sql.SQLSyntaxErrorException: Unknown column 'course_id' in 'where clause'
; bad SQL grammar []; nested exception is java.sql.SQLSyntaxErrorException: Unknown column 'course_id' in 'where clause'
2021-01-08 17:22:33.226 [http-nio-8001-exec-8] ERROR com.yzz.service_edu.edu.controller.CourseController - org.springframework.jdbc.BadSqlGrammarException: 
### Error updating database.  Cause: java.sql.SQLSyntaxErrorException: Unknown column 'course_id' in 'where clause'
### The error may exist in com/yzz/service_edu/edu/mapper/CourseDescriptionMapper.java (best guess)
### The error may involve defaultParameterMap
### The error occurred while setting parameters
### SQL: DELETE FROM edu_course_description     WHERE (course_id = ?)
### Cause: java.sql.SQLSyntaxErrorException: Unknown column 'course_id' in 'where clause'
; bad SQL grammar []; nested exception is java.sql.SQLSyntaxErrorException: Unknown column 'course_id' in 'where clause'
